  칵테일.cpp
C:\Users\USER\Desktop\competion practice\-\칵테일\칵테일.cpp(37,34): warning C4244: '인수': '__int64'에서 'int'(으)로 변환하면서 데이터가 손실될 수 있습니다.
C:\Users\USER\Desktop\competion practice\-\칵테일\칵테일.cpp(37,31): warning C4244: '인수': '__int64'에서 'int'(으)로 변환하면서 데이터가 손실될 수 있습니다.
C:\Users\USER\Desktop\competion practice\-\칵테일\칵테일.cpp(41,25): warning C4244: '인수': '__int64'에서 'int'(으)로 변환하면서 데이터가 손실될 수 있습니다.
C:\Users\USER\Desktop\competion practice\-\칵테일\칵테일.cpp(41,22): warning C4244: '인수': '__int64'에서 'int'(으)로 변환하면서 데이터가 손실될 수 있습니다.
C:\Users\USER\Desktop\competion practice\-\칵테일\칵테일.cpp(43,31): warning C4244: '인수': '__int64'에서 'int'(으)로 변환하면서 데이터가 손실될 수 있습니다.
C:\Users\USER\Desktop\competion practice\-\칵테일\칵테일.cpp(43,17): warning C4244: '인수': '__int64'에서 'int'(으)로 변환하면서 데이터가 손실될 수 있습니다.
C:\Users\USER\Desktop\competion practice\-\칵테일\칵테일.cpp(52,11): warning C4244: '인수': '__int64'에서 'unsigned int'(으)로 변환하면서 데이터가 손실될 수 있습니다.
C:\Users\USER\Desktop\competion practice\-\칵테일\칵테일.cpp(52,24): warning C4244: '인수': '__int64'에서 'unsigned int'(으)로 변환하면서 데이터가 손실될 수 있습니다.
C:\Users\USER\Desktop\competion practice\-\칵테일\칵테일.cpp(54,12): warning C4244: '인수': '__int64'에서 'int'(으)로 변환하면서 데이터가 손실될 수 있습니다.
C:\Users\USER\Desktop\competion practice\-\칵테일\칵테일.cpp(59,18): warning C4244: '인수': '__int64'에서 'unsigned int'(으)로 변환하면서 데이터가 손실될 수 있습니다.
C:\Users\USER\Desktop\competion practice\-\칵테일\칵테일.cpp(60,15): warning C4244: '인수': '__int64'에서 'int'(으)로 변환하면서 데이터가 손실될 수 있습니다.
C:\Users\USER\Desktop\competion practice\-\칵테일\칵테일.cpp(61,14): warning C4244: '인수': '__int64'에서 'unsigned int'(으)로 변환하면서 데이터가 손실될 수 있습니다.
C:\Users\USER\Desktop\competion practice\-\칵테일\칵테일.cpp(67,12): warning C4244: '인수': '__int64'에서 'int'(으)로 변환하면서 데이터가 손실될 수 있습니다.
C:\Users\USER\Desktop\competion practice\-\칵테일\칵테일.cpp(72,18): warning C4244: '인수': '__int64'에서 'unsigned int'(으)로 변환하면서 데이터가 손실될 수 있습니다.
C:\Users\USER\Desktop\competion practice\-\칵테일\칵테일.cpp(73,15): warning C4244: '인수': '__int64'에서 'int'(으)로 변환하면서 데이터가 손실될 수 있습니다.
C:\Users\USER\Desktop\competion practice\-\칵테일\칵테일.cpp(74,14): warning C4244: '인수': '__int64'에서 'unsigned int'(으)로 변환하면서 데이터가 손실될 수 있습니다.
C:\Users\USER\Desktop\competion practice\-\칵테일\칵테일.cpp(79,9): warning C4244: '인수': '__int64'에서 'const unsigned int'(으)로 변환하면서 데이터가 손실될 수 있습니다.
C:\Users\USER\Desktop\competion practice\-\칵테일\칵테일.cpp(80,9): warning C4244: '인수': '__int64'에서 'const unsigned int'(으)로 변환하면서 데이터가 손실될 수 있습니다.
  칵테일.vcxproj -> C:\Users\USER\Desktop\competion practice\-\칵테일\Debug\칵테일.exe
